[05-01-2024 11:36:36] PayPal\Core\PayPalHttpConnection : INFO: POST https://api.paypal.com/v1/oauth2/token
[05-01-2024 11:36:36] PayPal\Core\PayPalHttpConnection : INFO: Response Status 	: 200
[05-01-2024 11:36:36] PayPal\Core\PayPalHttpConnection : INFO: POST https://api.paypal.com/v1/payment-experience/web-profiles/
[05-01-2024 11:36:36] PayPal\Core\PayPalHttpConnection : INFO: Response Status 	: 201
[05-01-2024 11:36:36] PayPal\Core\PayPalHttpConnection : INFO: POST https://api.paypal.com/v1/payments/payment
[05-01-2024 11:36:37] PayPal\Core\PayPalHttpConnection : INFO: Response Status 	: 201
[05-01-2024 11:42:21] PayPal\Core\PayPalHttpConnection : INFO: POST https://api.paypal.com/v1/oauth2/token
[05-01-2024 11:42:22] PayPal\Core\PayPalHttpConnection : INFO: Response Status 	: 200
[05-01-2024 11:42:22] PayPal\Core\PayPalHttpConnection : INFO: GET https://api.paypal.com/v1/payments/payment/PAYID-MWL5XNI7T159049U48236521
[05-01-2024 11:42:22] PayPal\Core\PayPalHttpConnection : INFO: Response Status 	: 200
[05-01-2024 11:42:22] PayPal\Core\PayPalHttpConnection : INFO: POST https://api.paypal.com/v1/payments/payment/PAYID-MWL5XNI7T159049U48236521/execute
[05-01-2024 11:42:23] PayPal\Core\PayPalHttpConnection : INFO: Response Status 	: 200
[05-01-2024 15:11:21] PayPal\Core\PayPalHttpConnection : INFO: POST https://api.paypal.com/v1/oauth2/token
[05-01-2024 15:11:21] PayPal\Core\PayPalHttpConnection : INFO: Response Status 	: 200
[05-01-2024 15:11:21] PayPal\Core\PayPalHttpConnection : INFO: POST https://api.paypal.com/v1/payment-experience/web-profiles/
[05-01-2024 15:11:21] PayPal\Core\PayPalHttpConnection : INFO: Response Status 	: 201
[05-01-2024 15:11:21] PayPal\Core\PayPalHttpConnection : INFO: POST https://api.paypal.com/v1/payments/payment
[05-01-2024 15:11:22] PayPal\Core\PayPalHttpConnection : INFO: Response Status 	: 201
[05-01-2024 15:15:41] PayPal\Core\PayPalHttpConnection : INFO: POST https://api.paypal.com/v1/oauth2/token
[05-01-2024 15:15:41] PayPal\Core\PayPalHttpConnection : INFO: Response Status 	: 200
[05-01-2024 15:15:41] PayPal\Core\PayPalHttpConnection : INFO: GET https://api.paypal.com/v1/payments/payment/PAYID-MWMA4CQ8A575436WB904584G
[05-01-2024 15:15:42] PayPal\Core\PayPalHttpConnection : INFO: Response Status 	: 200
[05-01-2024 15:15:42] PayPal\Core\PayPalHttpConnection : INFO: POST https://api.paypal.com/v1/payments/payment/PAYID-MWMA4CQ8A575436WB904584G/execute
[05-01-2024 15:15:43] PayPal\Core\PayPalHttpConnection : INFO: Response Status 	: 200
