[06-09-2023 12:05:15] PayPal\Core\PayPalHttpConnection : INFO: POST https://api.paypal.com/v1/oauth2/token
[06-09-2023 12:05:15] PayPal\Core\PayPalHttpConnection : INFO: Response Status 	: 200
[06-09-2023 12:05:15] PayPal\Core\PayPalHttpConnection : INFO: POST https://api.paypal.com/v1/payment-experience/web-profiles/
[06-09-2023 12:05:16] PayPal\Core\PayPalHttpConnection : INFO: Response Status 	: 201
[06-09-2023 12:05:16] PayPal\Core\PayPalHttpConnection : INFO: POST https://api.paypal.com/v1/payments/payment
[06-09-2023 12:05:16] PayPal\Core\PayPalHttpConnection : INFO: Response Status 	: 201
[06-09-2023 12:07:30] PayPal\Core\PayPalHttpConnection : INFO: POST https://api.paypal.com/v1/oauth2/token
[06-09-2023 12:07:30] PayPal\Core\PayPalHttpConnection : INFO: Response Status 	: 200
[06-09-2023 12:07:30] PayPal\Core\PayPalHttpConnection : INFO: GET https://api.paypal.com/v1/payments/payment/PAYID-MT4E5XA8KU72462AL187202N
[06-09-2023 12:07:30] PayPal\Core\PayPalHttpConnection : INFO: Response Status 	: 200
[06-09-2023 12:07:31] PayPal\Core\PayPalHttpConnection : INFO: POST https://api.paypal.com/v1/payments/payment/PAYID-MT4E5XA8KU72462AL187202N/execute
[06-09-2023 12:07:32] PayPal\Core\PayPalHttpConnection : INFO: Response Status 	: 200
[06-09-2023 12:50:12] PayPal\Core\PayPalHttpConnection : INFO: POST https://api.paypal.com/v1/oauth2/token
[06-09-2023 12:50:13] PayPal\Core\PayPalHttpConnection : INFO: Response Status 	: 200
[06-09-2023 12:50:13] PayPal\Core\PayPalHttpConnection : INFO: POST https://api.paypal.com/v1/payment-experience/web-profiles/
[06-09-2023 12:50:13] PayPal\Core\PayPalHttpConnection : INFO: Response Status 	: 201
[06-09-2023 12:50:13] PayPal\Core\PayPalHttpConnection : INFO: POST https://api.paypal.com/v1/payments/payment
[06-09-2023 12:50:13] PayPal\Core\PayPalHttpConnection : INFO: Response Status 	: 201
[06-09-2023 17:11:22] PayPal\Core\PayPalHttpConnection : INFO: POST https://api.paypal.com/v1/oauth2/token
[06-09-2023 17:11:23] PayPal\Core\PayPalHttpConnection : INFO: Response Status 	: 200
[06-09-2023 17:11:23] PayPal\Core\PayPalHttpConnection : INFO: POST https://api.paypal.com/v1/payment-experience/web-profiles/
[06-09-2023 17:11:23] PayPal\Core\PayPalHttpConnection : INFO: Response Status 	: 201
[06-09-2023 17:11:23] PayPal\Core\PayPalHttpConnection : INFO: POST https://api.paypal.com/v1/payments/payment
[06-09-2023 17:11:23] PayPal\Core\PayPalHttpConnection : INFO: Response Status 	: 201
[06-09-2023 17:13:49] PayPal\Core\PayPalHttpConnection : INFO: POST https://api.paypal.com/v1/oauth2/token
[06-09-2023 17:13:50] PayPal\Core\PayPalHttpConnection : INFO: Response Status 	: 200
[06-09-2023 17:13:50] PayPal\Core\PayPalHttpConnection : INFO: GET https://api.paypal.com/v1/payments/payment/PAYID-MT4JNGY8F945514XR2485713
[06-09-2023 17:13:50] PayPal\Core\PayPalHttpConnection : INFO: Response Status 	: 200
[06-09-2023 17:13:50] PayPal\Core\PayPalHttpConnection : INFO: POST https://api.paypal.com/v1/payments/payment/PAYID-MT4JNGY8F945514XR2485713/execute
[06-09-2023 17:13:51] PayPal\Core\PayPalHttpConnection : INFO: Response Status 	: 200
