[06-06-2024 14:58:29] PayPal\Core\PayPalHttpConnection : INFO: POST https://api.paypal.com/v1/oauth2/token
[06-06-2024 14:58:29] PayPal\Core\PayPalHttpConnection : INFO: Response Status 	: 200
[06-06-2024 14:58:29] PayPal\Core\PayPalHttpConnection : INFO: POST https://api.paypal.com/v1/payment-experience/web-profiles/
[06-06-2024 14:58:30] PayPal\Core\PayPalHttpConnection : INFO: Response Status 	: 201
[06-06-2024 14:58:30] PayPal\Core\PayPalHttpConnection : INFO: POST https://api.paypal.com/v1/payments/payment
[06-06-2024 14:58:30] PayPal\Core\PayPalHttpConnection : INFO: Response Status 	: 201
[06-06-2024 15:04:24] PayPal\Core\PayPalHttpConnection : INFO: POST https://api.paypal.com/v1/oauth2/token
[06-06-2024 15:04:25] PayPal\Core\PayPalHttpConnection : INFO: Response Status 	: 200
[06-06-2024 15:04:25] PayPal\Core\PayPalHttpConnection : INFO: GET https://api.paypal.com/v1/payments/payment/PAYID-MZQ3E5Q643950502M764220C
[06-06-2024 15:04:25] PayPal\Core\PayPalHttpConnection : INFO: Response Status 	: 200
[06-06-2024 15:04:25] PayPal\Core\PayPalHttpConnection : INFO: POST https://api.paypal.com/v1/payments/payment/PAYID-MZQ3E5Q643950502M764220C/execute
[06-06-2024 15:04:26] PayPal\Core\PayPalHttpConnection : INFO: Response Status 	: 200
[06-06-2024 18:01:54] PayPal\Core\PayPalHttpConnection : INFO: POST https://api.paypal.com/v1/oauth2/token
[06-06-2024 18:01:54] PayPal\Core\PayPalHttpConnection : INFO: Response Status 	: 200
[06-06-2024 18:01:54] PayPal\Core\PayPalHttpConnection : INFO: POST https://api.paypal.com/v1/payment-experience/web-profiles/
[06-06-2024 18:01:55] PayPal\Core\PayPalHttpConnection : INFO: Response Status 	: 201
[06-06-2024 18:01:55] PayPal\Core\PayPalHttpConnection : INFO: POST https://api.paypal.com/v1/payments/payment
[06-06-2024 18:01:55] PayPal\Core\PayPalHttpConnection : INFO: Response Status 	: 201
[06-06-2024 18:02:44] PayPal\Core\PayPalHttpConnection : INFO: POST https://api.paypal.com/v1/oauth2/token
[06-06-2024 18:02:44] PayPal\Core\PayPalHttpConnection : INFO: Response Status 	: 200
[06-06-2024 18:02:44] PayPal\Core\PayPalHttpConnection : INFO: GET https://api.paypal.com/v1/payments/payment/PAYID-MZQ524Y3J110973K0553274N
[06-06-2024 18:02:44] PayPal\Core\PayPalHttpConnection : INFO: Response Status 	: 200
[06-06-2024 18:02:44] PayPal\Core\PayPalHttpConnection : INFO: POST https://api.paypal.com/v1/payments/payment/PAYID-MZQ524Y3J110973K0553274N/execute
[06-06-2024 18:02:46] PayPal\Core\PayPalHttpConnection : INFO: Response Status 	: 200
