[14-05-2024 13:48:01] PayPal\Core\PayPalHttpConnection : INFO: POST https://api.paypal.com/v1/oauth2/token
[14-05-2024 13:48:01] PayPal\Core\PayPalHttpConnection : INFO: Response Status 	: 200
[14-05-2024 13:48:01] PayPal\Core\PayPalHttpConnection : INFO: POST https://api.paypal.com/v1/payment-experience/web-profiles/
[14-05-2024 13:48:01] PayPal\Core\PayPalHttpConnection : INFO: Response Status 	: 201
[14-05-2024 13:48:01] PayPal\Core\PayPalHttpConnection : INFO: POST https://api.paypal.com/v1/payments/payment
[14-05-2024 13:48:02] PayPal\Core\PayPalHttpConnection : INFO: Response Status 	: 201
[14-05-2024 13:50:18] PayPal\Core\PayPalHttpConnection : INFO: POST https://api.paypal.com/v1/oauth2/token
[14-05-2024 13:50:18] PayPal\Core\PayPalHttpConnection : INFO: Response Status 	: 200
[14-05-2024 13:50:18] PayPal\Core\PayPalHttpConnection : INFO: GET https://api.paypal.com/v1/payments/payment/PAYID-MZBU64Q6EA60577HG1892338
[14-05-2024 13:50:18] PayPal\Core\PayPalHttpConnection : INFO: Response Status 	: 200
[14-05-2024 13:50:18] PayPal\Core\PayPalHttpConnection : INFO: POST https://api.paypal.com/v1/payments/payment/PAYID-MZBU64Q6EA60577HG1892338/execute
[14-05-2024 13:50:19] PayPal\Core\PayPalHttpConnection : INFO: Response Status 	: 200
[14-05-2024 15:22:38] PayPal\Core\PayPalHttpConnection : INFO: POST https://api.paypal.com/v1/oauth2/token
[14-05-2024 15:22:39] PayPal\Core\PayPalHttpConnection : INFO: Response Status 	: 200
[14-05-2024 15:22:39] PayPal\Core\PayPalHttpConnection : INFO: POST https://api.paypal.com/v1/payment-experience/web-profiles/
[14-05-2024 15:22:39] PayPal\Core\PayPalHttpConnection : INFO: Response Status 	: 201
[14-05-2024 15:22:39] PayPal\Core\PayPalHttpConnection : INFO: POST https://api.paypal.com/v1/payments/payment
[14-05-2024 15:22:40] PayPal\Core\PayPalHttpConnection : INFO: Response Status 	: 201
[14-05-2024 15:24:30] PayPal\Core\PayPalHttpConnection : INFO: POST https://api.paypal.com/v1/oauth2/token
[14-05-2024 15:24:31] PayPal\Core\PayPalHttpConnection : INFO: Response Status 	: 200
[14-05-2024 15:24:31] PayPal\Core\PayPalHttpConnection : INFO: GET https://api.paypal.com/v1/payments/payment/PAYID-MZBWLIA2Y322034ST607343V
[14-05-2024 15:24:31] PayPal\Core\PayPalHttpConnection : INFO: Response Status 	: 200
[14-05-2024 15:24:31] PayPal\Core\PayPalHttpConnection : INFO: POST https://api.paypal.com/v1/payments/payment/PAYID-MZBWLIA2Y322034ST607343V/execute
[14-05-2024 15:24:32] PayPal\Core\PayPalHttpConnection : INFO: Response Status 	: 200
