[15-04-2024 15:00:14] PayPal\Core\PayPalHttpConnection : INFO: POST https://api.paypal.com/v1/oauth2/token
[15-04-2024 15:00:15] PayPal\Core\PayPalHttpConnection : INFO: Response Status 	: 200
[15-04-2024 15:00:15] PayPal\Core\PayPalHttpConnection : INFO: POST https://api.paypal.com/v1/payment-experience/web-profiles/
[15-04-2024 15:00:15] PayPal\Core\PayPalHttpConnection : INFO: Response Status 	: 201
[15-04-2024 15:00:15] PayPal\Core\PayPalHttpConnection : INFO: POST https://api.paypal.com/v1/payments/payment
[15-04-2024 15:00:16] PayPal\Core\PayPalHttpConnection : INFO: Response Status 	: 201
[15-04-2024 15:00:30] PayPal\Core\PayPalHttpConnection : INFO: POST https://api.paypal.com/v1/oauth2/token
[15-04-2024 15:00:30] PayPal\Core\PayPalHttpConnection : INFO: Response Status 	: 200
[15-04-2024 15:00:30] PayPal\Core\PayPalHttpConnection : INFO: POST https://api.paypal.com/v1/payment-experience/web-profiles/
[15-04-2024 15:00:30] PayPal\Core\PayPalHttpConnection : INFO: Response Status 	: 201
[15-04-2024 15:00:30] PayPal\Core\PayPalHttpConnection : INFO: POST https://api.paypal.com/v1/payments/payment
[15-04-2024 15:00:31] PayPal\Core\PayPalHttpConnection : INFO: Response Status 	: 201
[15-04-2024 16:19:49] PayPal\Core\PayPalHttpConnection : INFO: POST https://api.paypal.com/v1/oauth2/token
[15-04-2024 16:19:50] PayPal\Core\PayPalHttpConnection : INFO: Response Status 	: 200
[15-04-2024 16:19:50] PayPal\Core\PayPalHttpConnection : INFO: POST https://api.paypal.com/v1/payment-experience/web-profiles/
[15-04-2024 16:19:50] PayPal\Core\PayPalHttpConnection : INFO: Response Status 	: 201
[15-04-2024 16:19:50] PayPal\Core\PayPalHttpConnection : INFO: POST https://api.paypal.com/v1/payments/payment
[15-04-2024 16:19:50] PayPal\Core\PayPalHttpConnection : INFO: Response Status 	: 201
[15-04-2024 16:21:23] PayPal\Core\PayPalHttpConnection : INFO: POST https://api.paypal.com/v1/oauth2/token
[15-04-2024 16:21:23] PayPal\Core\PayPalHttpConnection : INFO: Response Status 	: 200
[15-04-2024 16:21:23] PayPal\Core\PayPalHttpConnection : INFO: GET https://api.paypal.com/v1/payments/payment/PAYID-MYOTPBQ5CJ261048M286113G
[15-04-2024 16:21:23] PayPal\Core\PayPalHttpConnection : INFO: Response Status 	: 200
[15-04-2024 16:21:24] PayPal\Core\PayPalHttpConnection : INFO: POST https://api.paypal.com/v1/payments/payment/PAYID-MYOTPBQ5CJ261048M286113G/execute
[15-04-2024 16:21:25] PayPal\Core\PayPalHttpConnection : INFO: Response Status 	: 200
