[18-05-2024 16:43:55] PayPal\Core\PayPalHttpConnection : INFO: POST https://api.paypal.com/v1/oauth2/token
[18-05-2024 16:43:56] PayPal\Core\PayPalHttpConnection : INFO: Response Status 	: 200
[18-05-2024 16:43:56] PayPal\Core\PayPalHttpConnection : INFO: POST https://api.paypal.com/v1/payment-experience/web-profiles/
[18-05-2024 16:43:56] PayPal\Core\PayPalHttpConnection : INFO: Response Status 	: 201
[18-05-2024 16:43:57] PayPal\Core\PayPalHttpConnection : INFO: POST https://api.paypal.com/v1/payments/payment
[18-05-2024 16:43:57] PayPal\Core\PayPalHttpConnection : INFO: Response Status 	: 201
[18-05-2024 16:45:03] PayPal\Core\PayPalHttpConnection : INFO: POST https://api.paypal.com/v1/oauth2/token
[18-05-2024 16:45:03] PayPal\Core\PayPalHttpConnection : INFO: Response Status 	: 200
[18-05-2024 16:45:03] PayPal\Core\PayPalHttpConnection : INFO: POST https://api.paypal.com/v1/payment-experience/web-profiles/
[18-05-2024 16:45:03] PayPal\Core\PayPalHttpConnection : INFO: Response Status 	: 201
[18-05-2024 16:45:03] PayPal\Core\PayPalHttpConnection : INFO: POST https://api.paypal.com/v1/payments/payment
[18-05-2024 16:45:04] PayPal\Core\PayPalHttpConnection : INFO: Response Status 	: 201
[18-05-2024 17:08:06] PayPal\Core\PayPalHttpConnection : INFO: POST https://api.paypal.com/v1/oauth2/token
[18-05-2024 17:08:06] PayPal\Core\PayPalHttpConnection : INFO: Response Status 	: 200
[18-05-2024 17:08:06] PayPal\Core\PayPalHttpConnection : INFO: POST https://api.paypal.com/v1/payment-experience/web-profiles/
[18-05-2024 17:08:06] PayPal\Core\PayPalHttpConnection : INFO: Response Status 	: 201
[18-05-2024 17:08:06] PayPal\Core\PayPalHttpConnection : INFO: POST https://api.paypal.com/v1/payments/payment
[18-05-2024 17:08:07] PayPal\Core\PayPalHttpConnection : INFO: Response Status 	: 201
[18-05-2024 17:10:51] PayPal\Core\PayPalHttpConnection : INFO: POST https://api.paypal.com/v1/oauth2/token
[18-05-2024 17:10:51] PayPal\Core\PayPalHttpConnection : INFO: Response Status 	: 200
[18-05-2024 17:10:51] PayPal\Core\PayPalHttpConnection : INFO: GET https://api.paypal.com/v1/payments/payment/PAYID-MZEMIVY6AK93088HH397825L
[18-05-2024 17:10:51] PayPal\Core\PayPalHttpConnection : INFO: Response Status 	: 200
[18-05-2024 17:10:51] PayPal\Core\PayPalHttpConnection : INFO: POST https://api.paypal.com/v1/payments/payment/PAYID-MZEMIVY6AK93088HH397825L/execute
[18-05-2024 17:10:52] PayPal\Core\PayPalHttpConnection : INFO: Response Status 	: 200
