[22-01-2024 11:08:11] PayPal\Core\PayPalHttpConnection : INFO: POST https://api.paypal.com/v1/oauth2/token
[22-01-2024 11:08:12] PayPal\Core\PayPalHttpConnection : INFO: Response Status 	: 200
[22-01-2024 11:08:12] PayPal\Core\PayPalHttpConnection : INFO: POST https://api.paypal.com/v1/payment-experience/web-profiles/
[22-01-2024 11:08:12] PayPal\Core\PayPalHttpConnection : INFO: Response Status 	: 201
[22-01-2024 11:08:12] PayPal\Core\PayPalHttpConnection : INFO: POST https://api.paypal.com/v1/payments/payment
[22-01-2024 11:08:12] PayPal\Core\PayPalHttpConnection : INFO: Response Status 	: 201
[22-01-2024 11:09:56] PayPal\Core\PayPalHttpConnection : INFO: POST https://api.paypal.com/v1/oauth2/token
[22-01-2024 11:09:56] PayPal\Core\PayPalHttpConnection : INFO: Response Status 	: 200
[22-01-2024 11:09:56] PayPal\Core\PayPalHttpConnection : INFO: GET https://api.paypal.com/v1/payments/payment/PAYID-MWXD5DA8TL46282FP895305H
[22-01-2024 11:09:56] PayPal\Core\PayPalHttpConnection : INFO: Response Status 	: 200
[22-01-2024 11:09:56] PayPal\Core\PayPalHttpConnection : INFO: POST https://api.paypal.com/v1/payments/payment/PAYID-MWXD5DA8TL46282FP895305H/execute
[22-01-2024 11:09:57] PayPal\Core\PayPalHttpConnection : INFO: Response Status 	: 200
[22-01-2024 11:16:07] PayPal\Core\PayPalHttpConnection : INFO: POST https://api.paypal.com/v1/oauth2/token
[22-01-2024 11:16:07] PayPal\Core\PayPalHttpConnection : INFO: Response Status 	: 200
[22-01-2024 11:16:07] PayPal\Core\PayPalHttpConnection : INFO: POST https://api.paypal.com/v1/payment-experience/web-profiles/
[22-01-2024 11:16:07] PayPal\Core\PayPalHttpConnection : INFO: Response Status 	: 201
[22-01-2024 11:16:07] PayPal\Core\PayPalHttpConnection : INFO: POST https://api.paypal.com/v1/payments/payment
[22-01-2024 11:16:07] PayPal\Core\PayPalHttpConnection : INFO: Response Status 	: 201
[22-01-2024 11:21:45] PayPal\Core\PayPalHttpConnection : INFO: POST https://api.paypal.com/v1/oauth2/token
[22-01-2024 11:21:46] PayPal\Core\PayPalHttpConnection : INFO: Response Status 	: 200
[22-01-2024 11:21:46] PayPal\Core\PayPalHttpConnection : INFO: POST https://api.paypal.com/v1/payment-experience/web-profiles/
[22-01-2024 11:21:46] PayPal\Core\PayPalHttpConnection : INFO: Response Status 	: 201
[22-01-2024 11:21:46] PayPal\Core\PayPalHttpConnection : INFO: POST https://api.paypal.com/v1/payments/payment
[22-01-2024 11:21:46] PayPal\Core\PayPalHttpConnection : INFO: Response Status 	: 201
[22-01-2024 11:24:34] PayPal\Core\PayPalHttpConnection : INFO: POST https://api.paypal.com/v1/oauth2/token
[22-01-2024 11:24:34] PayPal\Core\PayPalHttpConnection : INFO: Response Status 	: 200
[22-01-2024 11:24:34] PayPal\Core\PayPalHttpConnection : INFO: GET https://api.paypal.com/v1/payments/payment/PAYID-MWXEDOQ6P7981746C5150702
[22-01-2024 11:24:34] PayPal\Core\PayPalHttpConnection : INFO: Response Status 	: 200
[22-01-2024 11:24:34] PayPal\Core\PayPalHttpConnection : INFO: POST https://api.paypal.com/v1/payments/payment/PAYID-MWXEDOQ6P7981746C5150702/execute
[22-01-2024 11:24:35] PayPal\Core\PayPalHttpConnection : INFO: Response Status 	: 200
[22-01-2024 14:48:45] PayPal\Core\PayPalHttpConnection : INFO: POST https://api.paypal.com/v1/oauth2/token
[22-01-2024 14:48:46] PayPal\Core\PayPalHttpConnection : INFO: Response Status 	: 200
[22-01-2024 14:48:46] PayPal\Core\PayPalHttpConnection : INFO: POST https://api.paypal.com/v1/payment-experience/web-profiles/
[22-01-2024 14:48:46] PayPal\Core\PayPalHttpConnection : INFO: Response Status 	: 201
[22-01-2024 14:48:46] PayPal\Core\PayPalHttpConnection : INFO: POST https://api.paypal.com/v1/payments/payment
[22-01-2024 14:48:46] PayPal\Core\PayPalHttpConnection : INFO: Response Status 	: 201
[22-01-2024 14:49:31] PayPal\Core\PayPalHttpConnection : INFO: POST https://api.paypal.com/v1/oauth2/token
[22-01-2024 14:49:32] PayPal\Core\PayPalHttpConnection : INFO: Response Status 	: 200
[22-01-2024 14:49:32] PayPal\Core\PayPalHttpConnection : INFO: GET https://api.paypal.com/v1/payments/payment/PAYID-MWXHEPQ51S202548M214910B
[22-01-2024 14:49:32] PayPal\Core\PayPalHttpConnection : INFO: Response Status 	: 200
[22-01-2024 14:49:32] PayPal\Core\PayPalHttpConnection : INFO: POST https://api.paypal.com/v1/payments/payment/PAYID-MWXHEPQ51S202548M214910B/execute
[22-01-2024 14:49:33] PayPal\Core\PayPalHttpConnection : INFO: Response Status 	: 200
[22-01-2024 17:15:55] PayPal\Core\PayPalHttpConnection : INFO: POST https://api.paypal.com/v1/oauth2/token
[22-01-2024 17:15:56] PayPal\Core\PayPalHttpConnection : INFO: Response Status 	: 200
[22-01-2024 17:15:56] PayPal\Core\PayPalHttpConnection : INFO: POST https://api.paypal.com/v1/payment-experience/web-profiles/
[22-01-2024 17:15:56] PayPal\Core\PayPalHttpConnection : INFO: Response Status 	: 201
[22-01-2024 17:15:56] PayPal\Core\PayPalHttpConnection : INFO: POST https://api.paypal.com/v1/payments/payment
[22-01-2024 17:15:56] PayPal\Core\PayPalHttpConnection : INFO: Response Status 	: 201
[22-01-2024 17:16:51] PayPal\Core\PayPalHttpConnection : INFO: POST https://api.paypal.com/v1/oauth2/token
[22-01-2024 17:16:51] PayPal\Core\PayPalHttpConnection : INFO: Response Status 	: 200
[22-01-2024 17:16:51] PayPal\Core\PayPalHttpConnection : INFO: GET https://api.paypal.com/v1/payments/payment/PAYID-MWXJJPA6B576807V2659720W
[22-01-2024 17:16:52] PayPal\Core\PayPalHttpConnection : INFO: Response Status 	: 200
[22-01-2024 17:16:52] PayPal\Core\PayPalHttpConnection : INFO: POST https://api.paypal.com/v1/payments/payment/PAYID-MWXJJPA6B576807V2659720W/execute
[22-01-2024 17:16:53] PayPal\Core\PayPalHttpConnection : INFO: Response Status 	: 200
