[23-08-2023 10:16:23] PayPal\Core\PayPalHttpConnection : INFO: POST https://api.paypal.com/v1/oauth2/token
[23-08-2023 10:16:24] PayPal\Core\PayPalHttpConnection : INFO: Response Status 	: 200
[23-08-2023 10:16:24] PayPal\Core\PayPalHttpConnection : INFO: POST https://api.paypal.com/v1/payment-experience/web-profiles/
[23-08-2023 10:16:24] PayPal\Core\PayPalHttpConnection : INFO: Response Status 	: 201
[23-08-2023 10:16:24] PayPal\Core\PayPalHttpConnection : INFO: POST https://api.paypal.com/v1/payments/payment
[23-08-2023 10:16:24] PayPal\Core\PayPalHttpConnection : INFO: Response Status 	: 201
[23-08-2023 10:17:37] PayPal\Core\PayPalHttpConnection : INFO: POST https://api.paypal.com/v1/oauth2/token
[23-08-2023 10:17:37] PayPal\Core\PayPalHttpConnection : INFO: Response Status 	: 200
[23-08-2023 10:17:37] PayPal\Core\PayPalHttpConnection : INFO: GET https://api.paypal.com/v1/payments/payment/PAYID-MTS4AWA8U655148UT475194V
[23-08-2023 10:17:37] PayPal\Core\PayPalHttpConnection : INFO: Response Status 	: 200
[23-08-2023 10:17:37] PayPal\Core\PayPalHttpConnection : INFO: POST https://api.paypal.com/v1/payments/payment/PAYID-MTS4AWA8U655148UT475194V/execute
[23-08-2023 10:17:39] PayPal\Core\PayPalHttpConnection : INFO: Response Status 	: 200
[23-08-2023 15:38:22] PayPal\Core\PayPalHttpConnection : INFO: POST https://api.paypal.com/v1/oauth2/token
[23-08-2023 15:38:22] PayPal\Core\PayPalHttpConnection : INFO: Response Status 	: 200
[23-08-2023 15:38:22] PayPal\Core\PayPalHttpConnection : INFO: POST https://api.paypal.com/v1/payment-experience/web-profiles/
[23-08-2023 15:38:22] PayPal\Core\PayPalHttpConnection : INFO: Response Status 	: 201
[23-08-2023 15:38:22] PayPal\Core\PayPalHttpConnection : INFO: POST https://api.paypal.com/v1/payments/payment
[23-08-2023 15:38:23] PayPal\Core\PayPalHttpConnection : INFO: Response Status 	: 201
[23-08-2023 15:38:58] PayPal\Core\PayPalHttpConnection : INFO: POST https://api.paypal.com/v1/oauth2/token
[23-08-2023 15:38:59] PayPal\Core\PayPalHttpConnection : INFO: Response Status 	: 200
[23-08-2023 15:38:59] PayPal\Core\PayPalHttpConnection : INFO: GET https://api.paypal.com/v1/payments/payment/PAYID-MTTAXTY27D4068118742872C
[23-08-2023 15:38:59] PayPal\Core\PayPalHttpConnection : INFO: Response Status 	: 200
[23-08-2023 15:38:59] PayPal\Core\PayPalHttpConnection : INFO: POST https://api.paypal.com/v1/payments/payment/PAYID-MTTAXTY27D4068118742872C/execute
[23-08-2023 15:39:00] PayPal\Core\PayPalHttpConnection : INFO: Response Status 	: 200
