[30-08-2023 14:26:10] PayPal\Core\PayPalHttpConnection : INFO: POST https://api.paypal.com/v1/oauth2/token
[30-08-2023 14:26:11] PayPal\Core\PayPalHttpConnection : INFO: Response Status 	: 200
[30-08-2023 14:26:11] PayPal\Core\PayPalHttpConnection : INFO: POST https://api.paypal.com/v1/payment-experience/web-profiles/
[30-08-2023 14:26:12] PayPal\Core\PayPalHttpConnection : INFO: Response Status 	: 201
[30-08-2023 14:26:12] PayPal\Core\PayPalHttpConnection : INFO: POST https://api.paypal.com/v1/payments/payment
[30-08-2023 14:26:12] PayPal\Core\PayPalHttpConnection : INFO: Response Status 	: 201
[30-08-2023 14:28:16] PayPal\Core\PayPalHttpConnection : INFO: POST https://api.paypal.com/v1/oauth2/token
[30-08-2023 14:28:17] PayPal\Core\PayPalHttpConnection : INFO: Response Status 	: 200
[30-08-2023 14:28:17] PayPal\Core\PayPalHttpConnection : INFO: GET https://api.paypal.com/v1/payments/payment/PAYID-MTXTKZA3YB94742EW9901418
[30-08-2023 14:28:17] PayPal\Core\PayPalHttpConnection : INFO: Response Status 	: 200
[30-08-2023 14:28:17] PayPal\Core\PayPalHttpConnection : INFO: POST https://api.paypal.com/v1/payments/payment/PAYID-MTXTKZA3YB94742EW9901418/execute
[30-08-2023 14:28:18] PayPal\Core\PayPalHttpConnection : INFO: Response Status 	: 200
[30-08-2023 15:35:14] PayPal\Core\PayPalHttpConnection : INFO: POST https://api.paypal.com/v1/oauth2/token
[30-08-2023 15:35:14] PayPal\Core\PayPalHttpConnection : INFO: Response Status 	: 200
[30-08-2023 15:35:14] PayPal\Core\PayPalHttpConnection : INFO: POST https://api.paypal.com/v1/payment-experience/web-profiles/
[30-08-2023 15:35:15] PayPal\Core\PayPalHttpConnection : INFO: Response Status 	: 201
[30-08-2023 15:35:15] PayPal\Core\PayPalHttpConnection : INFO: POST https://api.paypal.com/v1/payments/payment
[30-08-2023 15:35:16] PayPal\Core\PayPalHttpConnection : INFO: Response Status 	: 201
[30-08-2023 15:37:05] PayPal\Core\PayPalHttpConnection : INFO: POST https://api.paypal.com/v1/oauth2/token
[30-08-2023 15:37:05] PayPal\Core\PayPalHttpConnection : INFO: Response Status 	: 200
[30-08-2023 15:37:05] PayPal\Core\PayPalHttpConnection : INFO: GET https://api.paypal.com/v1/payments/payment/PAYID-MTXULFA3H285434FE784651H
[30-08-2023 15:37:05] PayPal\Core\PayPalHttpConnection : INFO: Response Status 	: 200
[30-08-2023 15:37:05] PayPal\Core\PayPalHttpConnection : INFO: POST https://api.paypal.com/v1/payments/payment/PAYID-MTXULFA3H285434FE784651H/execute
[30-08-2023 15:37:07] PayPal\Core\PayPalHttpConnection : INFO: Response Status 	: 200
